<?xml version="1.0" encoding="UTF-8"?>
<!-- Generated by org.testng.reporters.JUnitReportReporter -->
<testsuite hostname="DESKTOP-TG48D8J" failures="0" tests="1" name="cucumber_learning.Runner_TestNG" time="0.321" errors="0" timestamp="2023-01-17T22:08:49 EST" skipped="0">
  <testcase classname="cucumber_learning.Runner_TestNG" name="runScenario" time="0.321"/>
  <system-out/>
</testsuite> <!-- cucumber_learning.Runner_TestNG -->
