<?xml version="1.0" encoding="UTF-8"?>
<!-- Generated by org.testng.reporters.JUnitReportReporter -->
<testsuite hostname="DESKTOP-TG48D8J" failures="0" tests="2" name="testCases.DataStructureTest" time="2.876" errors="0" timestamp="2023-01-07T17:43:47 EST" skipped="0">
  <testcase classname="testCases.DataStructureTest" name="DatastructureTimeComplexity" time="2.265"/>
  <system-out/>
  <testcase classname="testCases.DataStructureTest" name="DataStructurePrecticeQuestion" time="0.611"/>
  <system-out/>
</testsuite> <!-- testCases.DataStructureTest -->
