<?xml version="1.0" encoding="UTF-8"?>
<!-- Generated by org.testng.reporters.JUnitReportReporter -->
<testsuite hostname="DESKTOP-TG48D8J" failures="0" tests="3" name="testCases.SigninTest" time="3.056" errors="0" timestamp="2023-01-07T17:43:47 EST" skipped="0">
  <testcase classname="testCases.SigninTest" name="SigninDDT" time="1.157"/>
  <system-out/>
  <testcase classname="testCases.SigninTest" name="SigninDDT" time="1.069"/>
  <system-out/>
  <testcase classname="testCases.SigninTest" name="SigninDDT" time="0.830"/>
  <system-out/>
</testsuite> <!-- testCases.SigninTest -->
