<?xml version="1.0" encoding="UTF-8"?>
<!-- Generated by org.testng.reporters.JUnitReportReporter -->
<testsuite hostname="DESKTOP-TG48D8J" failures="0" tests="1" name="pageobject.kuchbhi$TestNgMavenExampleTest" time="0.042" errors="0" timestamp="2022-10-14T18:12:10 EDT" skipped="0">
  <testcase classname="pageobject.kuchbhi$TestNgMavenExampleTest" name="exampleOfTestNgMaven" time="0.042"/>
  <system-out/>
</testsuite> <!-- pageobject.kuchbhi$TestNgMavenExampleTest -->
