<?xml version="1.0" encoding="UTF-8"?>
<!-- Generated by org.testng.reporters.JUnitReportReporter -->
<testsuite hostname="DESKTOP-TG48D8J" failures="0" tests="9" name="testCases.LinkedListTest" time="9.116" errors="0" timestamp="2023-01-07T17:43:47 EST" skipped="0">
  <testcase classname="testCases.LinkedListTest" name="LinledSignIn" time="1.644"/>
  <system-out/>
  <testcase classname="testCases.LinkedListTest" name="introductionLinkListed" time="1.057"/>
  <system-out/>
  <testcase classname="testCases.LinkedListTest" name="CreatedLinkedListedPage" time="0.913"/>
  <system-out/>
  <testcase classname="testCases.LinkedListTest" name="TypeOfLinkedListedPage" time="1.109"/>
  <system-out/>
  <testcase classname="testCases.LinkedListTest" name="ImplementLinkedListedPython" time="0.917"/>
  <system-out/>
  <testcase classname="testCases.LinkedListTest" name="TraversalLinkedListedPython" time="0.968"/>
  <system-out/>
  <testcase classname="testCases.LinkedListTest" name="InsertaionLinkedListedPython" time="0.979"/>
  <system-out/>
  <testcase classname="testCases.LinkedListTest" name="DeletionLinkedListedPython" time="1.004"/>
  <system-out/>
  <testcase classname="testCases.LinkedListTest" name="PracticeQuastionLinkedListedPython" time="0.525"/>
  <system-out/>
</testsuite> <!-- testCases.LinkedListTest -->
