<?xml version="1.0" encoding="UTF-8"?>
<!-- Generated by org.testng.reporters.JUnitReportReporter -->
<testsuite hostname="DESKTOP-TG48D8J" failures="0" tests="1" name="TestCase_ds_algo.RegistrationTest" time="7.193" errors="0" timestamp="2022-11-01T14:20:02 EDT" skipped="0">
  <testcase classname="TestCase_ds_algo.RegistrationTest" name="registrorpage" time="7.193"/>
  <system-out/>
</testsuite> <!-- TestCase_ds_algo.RegistrationTest -->
