<?xml version="1.0" encoding="UTF-8"?>
<!-- Generated by org.testng.reporters.JUnitReportReporter -->
<testsuite hostname="DESKTOP-TG48D8J" failures="0" tests="1" name="TestCase_ds_algo.LoginTest" time="5.036" errors="0" timestamp="2022-10-27T10:47:12 EDT" skipped="0">
  <testcase classname="TestCase_ds_algo.LoginTest" name="loginpage" time="5.036"/>
  <system-out/>
</testsuite> <!-- TestCase_ds_algo.LoginTest -->
