<?xml version="1.0" encoding="UTF-8"?>
<!-- Generated by org.testng.reporters.JUnitReportReporter -->
<testsuite hostname="DESKTOP-TG48D8J" failures="0" tests="1" name="ds_algo.ListedPage" time="10.233" errors="0" timestamp="2022-10-18T23:27:42 EDT" skipped="0">
  <testcase classname="ds_algo.ListedPage" name="homePage" time="10.233"/>
  <system-out/>
</testsuite> <!-- ds_algo.ListedPage -->
