<?xml version="1.0" encoding="UTF-8"?>
<!-- Generated by org.testng.reporters.JUnitReportReporter -->
<testsuite hostname="DESKTOP-TG48D8J" failures="0" tests="5" name="testCases.QueueTest" time="5.485" errors="0" timestamp="2023-01-07T17:43:47 EST" skipped="0">
  <testcase classname="testCases.QueueTest" name="QueueInPython" time="2.121"/>
  <system-out/>
  <testcase classname="testCases.QueueTest" name="QueueCollection" time="0.904"/>
  <system-out/>
  <testcase classname="testCases.QueueTest" name="QueueImplementation" time="0.937"/>
  <system-out/>
  <testcase classname="testCases.QueueTest" name="QueuePracticeQuestions" time="0.564"/>
  <system-out/>
  <testcase classname="testCases.QueueTest" name="QueueOperations" time="0.959"/>
  <system-out/>
</testsuite> <!-- testCases.QueueTest -->
