<?xml version="1.0" encoding="UTF-8"?>
<!-- Generated by org.testng.reporters.JUnitReportReporter -->
<testsuite hostname="DESKTOP-TG48D8J" failures="0" tests="3" name="testCases.GraphTest" time="3.307" errors="0" timestamp="2023-01-07T17:43:47 EST" skipped="0">
  <testcase classname="testCases.GraphTest" name="GraphPage" time="1.603"/>
  <system-out/>
  <testcase classname="testCases.GraphTest" name="GraphRepresentations" time="1.074"/>
  <system-out/>
  <testcase classname="testCases.GraphTest" name="Graph" time="0.630"/>
  <system-out/>
</testsuite> <!-- testCases.GraphTest -->
