<?xml version="1.0" encoding="UTF-8"?>
<!-- Generated by org.testng.reporters.JUnitReportReporter -->
<testsuite hostname="DESKTOP-TG48D8J" failures="0" tests="1" name="pageobject.Linked_List" time="2.742" errors="0" timestamp="2022-10-14T21:00:22 EDT" skipped="0">
  <testcase classname="pageobject.Linked_List" name="Link_List" time="2.742"/>
  <system-out/>
</testsuite> <!-- pageobject.Linked_List -->
