<?xml version="1.0" encoding="UTF-8"?>
<!-- Generated by org.testng.reporters.JUnitReportReporter -->
<testsuite hostname="DESKTOP-TG48D8J" failures="0" tests="7" name="testCases.RegistrationTest" time="4.777" errors="0" timestamp="2023-01-07T17:43:47 EST" skipped="0">
  <testcase classname="testCases.RegistrationTest" name="RegistrationDDT" time="0.790"/>
  <system-out/>
  <testcase classname="testCases.RegistrationTest" name="RegistrationDDT" time="0.634"/>
  <system-out/>
  <testcase classname="testCases.RegistrationTest" name="RegistrationDDT" time="0.717"/>
  <system-out/>
  <testcase classname="testCases.RegistrationTest" name="RegistrationDDT" time="0.676"/>
  <system-out/>
  <testcase classname="testCases.RegistrationTest" name="RegistrationDDT" time="0.903"/>
  <system-out/>
  <testcase classname="testCases.RegistrationTest" name="RegistrationDDT" time="0.731"/>
  <system-out/>
  <testcase classname="testCases.RegistrationTest" name="sighOutOnRegistrationPage" time="0.326"/>
  <system-out/>
</testsuite> <!-- testCases.RegistrationTest -->
