<?xml version="1.0" encoding="UTF-8"?>
<!-- Generated by org.testng.reporters.JUnitReportReporter -->
<testsuite hostname="DESKTOP-TG48D8J" failures="0" tests="4" name="testCases.StackTest" time="7.345" errors="0" timestamp="2023-01-07T17:43:47 EST" skipped="0">
  <testcase classname="testCases.StackTest" name="StackOperations" time="4.110"/>
  <system-out/>
  <testcase classname="testCases.StackTest" name="StackApplications" time="1.354"/>
  <system-out/>
  <testcase classname="testCases.StackTest" name="StackImplementation" time="1.355"/>
  <system-out/>
  <testcase classname="testCases.StackTest" name="StackPracticeQuestion" time="0.526"/>
  <system-out/>
</testsuite> <!-- testCases.StackTest -->
