<?xml version="1.0" encoding="UTF-8"?>
<!-- Generated by org.testng.reporters.JUnitReportReporter -->
<testsuite hostname="DESKTOP-TG48D8J" failures="0" tests="14" name="testCases.TreeTest" time="14.802" errors="0" timestamp="2023-01-07T17:43:47 EST" skipped="0">
  <testcase classname="testCases.TreeTest" name="OverviewTree" time="1.694"/>
  <system-out/>
  <testcase classname="testCases.TreeTest" name="Terminology" time="1.027"/>
  <system-out/>
  <testcase classname="testCases.TreeTest" name="TypesofTree" time="0.948"/>
  <system-out/>
  <testcase classname="testCases.TreeTest" name="TreeTraversals" time="1.032"/>
  <system-out/>
  <testcase classname="testCases.TreeTest" name="TraversalsIllustration" time="1.028"/>
  <system-out/>
  <testcase classname="testCases.TreeTest" name="BinaryTree" time="1.018"/>
  <system-out/>
  <testcase classname="testCases.TreeTest" name="TypesBinaryTree" time="1.067"/>
  <system-out/>
  <testcase classname="testCases.TreeTest" name="ImplementationinPython" time="1.128"/>
  <system-out/>
  <testcase classname="testCases.TreeTest" name="BinaryTreeTraversals" time="1.025"/>
  <system-out/>
  <testcase classname="testCases.TreeTest" name="ImplementationBinaryTrees" time="0.950"/>
  <system-out/>
  <testcase classname="testCases.TreeTest" name="ApplicationsBinaryTree" time="0.927"/>
  <system-out/>
  <testcase classname="testCases.TreeTest" name="BinarySearchTrees" time="1.298"/>
  <system-out/>
  <testcase classname="testCases.TreeTest" name="ImplementationOfBST" time="1.144"/>
  <system-out/>
  <testcase classname="testCases.TreeTest" name="PracticeQuestion" time="0.516"/>
  <system-out/>
</testsuite> <!-- testCases.TreeTest -->
