<?xml version="1.0" encoding="UTF-8"?>
<!-- Generated by org.testng.reporters.JUnitXMLReporter -->
<testsuite ignored="0" hostname="DESKTOP-TG48D8J" failures="0" tests="3" name="Test-Xml-01" time="0.149" errors="0" timestamp="2022-09-08T21:53:32 EDT">
  <testcase classname="TestNGSuite01.Module01TestNG" name="test01" time="0.026"/>
  <testcase classname="TestNGSuite01.Module01TestNG" name="test02" time="0.002"/>
  <testcase classname="TestNGSuite01.Module01TestNG" name="test03" time="0.01"/>
</testsuite> <!-- Test-Xml-01 -->
