<?xml version="1.0" encoding="UTF-8"?>
<!-- Generated by org.testng.reporters.JUnitReportReporter -->
<testsuite hostname="DESKTOP-TG48D8J" failures="0" tests="7" name="TestCase.RegistrationTest" time="6.763" errors="0" timestamp="2023-02-07T10:37:07 EST" skipped="0">
  <testcase classname="TestCase.RegistrationTest" name="RegistrationDDT" time="0.810"/>
  <system-out/>
  <testcase classname="TestCase.RegistrationTest" name="RegistrationDDT" time="1.018"/>
  <system-out/>
  <testcase classname="TestCase.RegistrationTest" name="RegistrationDDT" time="1.615"/>
  <system-out/>
  <testcase classname="TestCase.RegistrationTest" name="RegistrationDDT" time="0.897"/>
  <system-out/>
  <testcase classname="TestCase.RegistrationTest" name="RegistrationDDT" time="0.799"/>
  <system-out/>
  <testcase classname="TestCase.RegistrationTest" name="RegistrationDDT" time="0.855"/>
  <system-out/>
  <testcase classname="TestCase.RegistrationTest" name="sighOutOnRegistrationPage" time="0.769"/>
  <system-out/>
</testsuite> <!-- TestCase.RegistrationTest -->
