<?xml version="1.0" encoding="UTF-8"?>
<!-- Generated by org.testng.reporters.JUnitReportReporter -->
<testsuite hostname="DESKTOP-TG48D8J" failures="0" tests="1" name="TestNGSuite01.ParallelTestNGExmp" time="0.016" errors="0" timestamp="2022-09-13T22:27:50 EDT" skipped="0">
  <testcase classname="TestNGSuite01.ParallelTestNGExmp" name="test03" time="0.016"/>
  <system-out/>
</testsuite> <!-- TestNGSuite01.ParallelTestNGExmp -->
