<?xml version="1.0" encoding="UTF-8"?>
<!-- Generated by org.testng.reporters.JUnitReportReporter -->
<testsuite hostname="DESKTOP-TG48D8J" failures="0" tests="1" name="TestNGSuite01.Module02" time="0.015" errors="0" timestamp="2022-09-10T00:13:12 EDT" skipped="0">
  <testcase classname="TestNGSuite01.Module02" name="parul001test" time="0.015"/>
  <system-out/>
</testsuite> <!-- TestNGSuite01.Module02 -->
