<?xml version="1.0" encoding="UTF-8"?>
<!-- Generated by org.testng.reporters.JUnitReportReporter -->
<testsuite hostname="DESKTOP-TG48D8J" failures="0" tests="1" name="TestNGSuite01.ParameterExmpTestng" time="0.105" errors="0" timestamp="2022-12-19T10:30:44 EST" skipped="0">
  <testcase classname="TestNGSuite01.ParameterExmpTestng" name="test01" time="0.105"/>
  <system-out/>
</testsuite> <!-- TestNGSuite01.ParameterExmpTestng -->
