<?xml version="1.0" encoding="UTF-8"?>
<!-- Generated by org.testng.reporters.JUnitReportReporter -->
<testsuite hostname="DESKTOP-TG48D8J" failures="0" tests="2" name="TestNGSuite01.Before_Method_Exmp" time="0.023" errors="0" timestamp="2022-09-08T20:21:58 EDT" skipped="0">
  <testcase classname="TestNGSuite01.Before_Method_Exmp" name="test01" time="0.020"/>
  <system-out/>
  <testcase classname="TestNGSuite01.Before_Method_Exmp" name="test02" time="0.003"/>
  <system-out/>
</testsuite> <!-- TestNGSuite01.Before_Method_Exmp -->
