<?xml version="1.0" encoding="UTF-8"?>
<!-- Generated by org.testng.reporters.JUnitReportReporter -->
<testsuite hostname="DESKTOP-TG48D8J" failures="0" tests="1" name="TestNGSuite01.Module01TestNG" time="0.017" errors="0" timestamp="2022-09-13T22:27:50 EDT" skipped="0">
  <testcase classname="TestNGSuite01.Module01TestNG" name="test01" time="0.017"/>
  <system-out/>
</testsuite> <!-- TestNGSuite01.Module01TestNG -->
