<?xml version="1.0" encoding="UTF-8"?>
<!-- Generated by org.testng.reporters.JUnitReportReporter -->
<testsuite hostname="DESKTOP-TG48D8J" failures="0" tests="1" name="dstestcases.TestCases1" time="0.703" errors="0" timestamp="2022-10-27T16:35:55 EDT" skipped="0">
  <testcase classname="dstestcases.TestCases1" name="tst01_TestingLog" time="0.703"/>
  <system-out/>
</testsuite> <!-- dstestcases.TestCases1 -->
