<?xml version="1.0" encoding="UTF-8"?>
<!-- Generated by org.testng.reporters.JUnitReportReporter -->
<testsuite hostname="DESKTOP-TG48D8J" failures="0" tests="2" name="TestNGSuite01.Module02TestNG" time="0.024" errors="0" timestamp="2022-09-09T19:03:38 EDT" skipped="0">
  <testcase classname="TestNGSuite01.Module02TestNG" name="test04" time="0.004"/>
  <system-out/>
  <testcase classname="TestNGSuite01.Module02TestNG" name="test03" time="0.020"/>
  <system-out/>
</testsuite> <!-- TestNGSuite01.Module02TestNG -->
